<?xml version="1.0" encoding="UTF-8"?>
<testng-results skipped="0" failed="0" ignored="0" total="1" passed="1">
  <reporter-output>
  </reporter-output>
  <suite name="Suite" duration-ms="20765" started-at="2019-10-18T01:15:43Z" finished-at="2019-10-18T01:16:04Z">
    <groups>
    </groups>
    <test name="Test" duration-ms="20765" started-at="2019-10-18T01:15:43Z" finished-at="2019-10-18T01:16:04Z">
      <class name="test.TESTFramework">
        <test-method status="PASS" signature="openBrowser()[pri:0, instance:test.TESTFramework@17d0685f]" name="openBrowser" is-config="true" duration-ms="15409" started-at="2019-10-18T01:15:43Z" finished-at="2019-10-18T01:15:58Z">
          <reporter-output>
          </reporter-output>
        </test-method> <!-- openBrowser -->
        <test-method status="PASS" signature="a()[pri:0, instance:test.TESTFramework@17d0685f]" name="a" duration-ms="5242" started-at="2019-10-18T01:15:58Z" finished-at="2019-10-18T01:16:04Z">
          <reporter-output>
          </reporter-output>
        </test-method> <!-- a -->
        <test-method status="PASS" signature="closeBrowser()[pri:0, instance:test.TESTFramework@17d0685f]" name="closeBrowser" is-config="true" duration-ms="1" started-at="2019-10-18T01:16:04Z" finished-at="2019-10-18T01:16:04Z">
          <reporter-output>
          </reporter-output>
        </test-method> <!-- closeBrowser -->
      </class> <!-- test.TESTFramework -->
    </test> <!-- Test -->
  </suite> <!-- Suite -->
</testng-results>
